<?xml version="1.0" encoding="UTF-8"?>
<!-- Generated by org.testng.reporters.JUnitXMLReporter -->
<testsuite ignored="0" hostname="Clements-MacBook-Pro.local" failures="0" tests="4" name="Default test" time="58.467" errors="0" timestamp="2023-11-09T14:54:36 GMT">
  <testcase classname="assignment4.GoogleValidation" name="testGoogleSearch" time="39.019"/>
  <testcase classname="assignment4.GoogleSearchTest" name="testButtons" time="1.921"/>
  <testcase classname="assignment4.GoogleSearchTest" name="testGoogleLogo" time="0.633"/>
  <testcase classname="assignment4.GoogleSearchTest" name="testSearchTextBox" time="0.544"/>
</testsuite> <!-- Default test -->
