<?xml version="1.0" encoding="UTF-8"?>
<!-- Generated by org.testng.reporters.JUnitXMLReporter -->
<testsuite ignored="0" hostname="Clements-MacBook-Pro.local" failures="0" tests="4" name="Assignment" time="61.335" errors="0" timestamp="2023-11-09T18:00:21 GMT">
  <testcase classname="assignment4.GoogleSearchTest" name="testButtons" time="2.312"/>
  <testcase classname="assignment4.GoogleSearchTest" name="testGoogleLogo" time="0.658"/>
  <testcase classname="assignment4.GoogleSearchTest" name="testSearchTextBox" time="0.546"/>
  <testcase classname="assignment4.GoogleValidation" name="testGoogleSearch" time="39.528"/>
</testsuite> <!-- Assignment -->
