<?xml version="1.0" encoding="UTF-8"?>
<!-- Generated by org.testng.reporters.JUnitXMLReporter -->
<testsuite ignored="0" hostname="Clements-MacBook-Pro.local" failures="0" tests="4" name="GoogleSearchTest" time="55.725" errors="0" timestamp="2023-11-09T11:41:57 GMT">
  <testcase classname="assignment4.GoogleSearchTest" name="testButtons" time="2.343"/>
  <testcase classname="assignment4.GoogleSearchTest" name="testGoogleLogo" time="0.631"/>
  <testcase classname="assignment4.GoogleSearchTest" name="testSearchTextBox" time="0.523"/>
  <testcase classname="assignment4.GoogleValidation" name="testGoogleSearch" time="36.892"/>
</testsuite> <!-- GoogleSearchTest -->
